{"C:\\Users\\Sam\\Desktop\\revisao\\tests\\basic\\basicTest.js": {"path":"C:\\Users\\Sam\\Desktop\\revisao\\tests\\basic\\basicTest.js","statementMap":{"0":{"start":{"line":2,"column":4},"end":{"line":2,"column":16}},"1":{"start":{"line":7,"column":8},"end":{"line":7,"column":22}},"2":{"start":{"line":8,"column":8},"end":{"line":8,"column":24}},"3":{"start":{"line":12,"column":8},"end":{"line":12,"column":47}},"4":{"start":{"line":16,"column":8},"end":{"line":16,"column":65}},"5":{"start":{"line":20,"column":8},"end":{"line":20,"column":66}},"6":{"start":{"line":24,"column":0},"end":{"line":24,"column":32}}},"fnMap":{"0":{"name":"sum","decl":{"start":{"line":1,"column":9},"end":{"line":1,"column":12}},"loc":{"start":{"line":1,"column":19},"end":{"line":3,"column":1}},"line":1},"1":{"name":"(anonymous_1)","decl":{"start":{"line":6,"column":4},"end":{"line":6,"column":5}},"loc":{"start":{"line":6,"column":27},"end":{"line":9,"column":5}},"line":6},"2":{"name":"(anonymous_2)","decl":{"start":{"line":11,"column":4},"end":{"line":11,"column":5}},"loc":{"start":{"line":11,"column":11},"end":{"line":13,"column":5}},"line":11},"3":{"name":"(anonymous_3)","decl":{"start":{"line":15,"column":4},"end":{"line":15,"column":5}},"loc":{"start":{"line":15,"column":15},"end":{"line":17,"column":5}},"line":15},"4":{"name":"(anonymous_4)","decl":{"start":{"line":19,"column":4},"end":{"line":19,"column":5}},"loc":{"start":{"line":19,"column":17},"end":{"line":21,"column":5}},"line":19}},"branchMap":{},"s":{"0":1,"1":1,"2":1,"3":1,"4":1,"5":1,"6":1},"f":{"0":1,"1":1,"2":1,"3":1,"4":1},"b":{},"_coverageSchema":"1a1c01bbd47fc00a2c39e90264f33305004495a9","hash":"7c432ef1af347f6e26c65261b42938a3cacd4f5f"}
,"C:\\Users\\Sam\\Desktop\\revisao\\tests\\model\\modelTest.js": {"path":"C:\\Users\\Sam\\Desktop\\revisao\\tests\\model\\modelTest.js","statementMap":{"0":{"start":{"line":1,"column":21},"end":{"line":10,"column":1}},"1":{"start":{"line":12,"column":0},"end":{"line":12,"column":33}}},"fnMap":{},"branchMap":{},"s":{"0":1,"1":1},"f":{},"b":{},"_coverageSchema":"1a1c01bbd47fc00a2c39e90264f33305004495a9","hash":"00bc7c7b3663a67a609be8fc10fe6686deccce41"}
,"C:\\Users\\Sam\\Desktop\\revisao\\tests\\repositories\\repositoryTest.js": {"path":"C:\\Users\\Sam\\Desktop\\revisao\\tests\\repositories\\repositoryTest.js","statementMap":{"0":{"start":{"line":1,"column":25},"end":{"line":1,"column":54}},"1":{"start":{"line":5,"column":8},"end":{"line":5,"column":32}},"2":{"start":{"line":9,"column":19},"end":{"line":9,"column":32}},"3":{"start":{"line":10,"column":8},"end":{"line":10,"column":17}},"4":{"start":{"line":14,"column":23},"end":{"line":14,"column":73}},"5":{"start":{"line":14,"column":52},"end":{"line":14,"column":72}},"6":{"start":{"line":15,"column":8},"end":{"line":15,"column":21}},"7":{"start":{"line":19,"column":24},"end":{"line":19,"column":84}},"8":{"start":{"line":19,"column":55},"end":{"line":19,"column":83}},"9":{"start":{"line":20,"column":8},"end":{"line":20,"column":22}},"10":{"start":{"line":24,"column":8},"end":{"line":24,"column":34}},"11":{"start":{"line":25,"column":8},"end":{"line":25,"column":50}},"12":{"start":{"line":30,"column":25},"end":{"line":30,"column":59}},"13":{"start":{"line":33,"column":19},"end":{"line":33,"column":44}},"14":{"start":{"line":37,"column":21},"end":{"line":37,"column":69}},"15":{"start":{"line":41,"column":34},"end":{"line":41,"column":89}},"16":{"start":{"line":45,"column":18},"end":{"line":45,"column":67}},"17":{"start":{"line":46,"column":21},"end":{"line":46,"column":61}},"18":{"start":{"line":50,"column":0},"end":{"line":50,"column":37}}},"fnMap":{"0":{"name":"(anonymous_0)","decl":{"start":{"line":4,"column":4},"end":{"line":4,"column":5}},"loc":{"start":{"line":4,"column":26},"end":{"line":6,"column":5}},"line":4},"1":{"name":"(anonymous_1)","decl":{"start":{"line":8,"column":4},"end":{"line":8,"column":5}},"loc":{"start":{"line":8,"column":13},"end":{"line":11,"column":5}},"line":8},"2":{"name":"(anonymous_2)","decl":{"start":{"line":13,"column":4},"end":{"line":13,"column":5}},"loc":{"start":{"line":13,"column":26},"end":{"line":16,"column":5}},"line":13},"3":{"name":"(anonymous_3)","decl":{"start":{"line":14,"column":42},"end":{"line":14,"column":43}},"loc":{"start":{"line":14,"column":52},"end":{"line":14,"column":72}},"line":14},"4":{"name":"(anonymous_4)","decl":{"start":{"line":18,"column":4},"end":{"line":18,"column":5}},"loc":{"start":{"line":18,"column":42},"end":{"line":21,"column":5}},"line":18},"5":{"name":"(anonymous_5)","decl":{"start":{"line":19,"column":45},"end":{"line":19,"column":46}},"loc":{"start":{"line":19,"column":55},"end":{"line":19,"column":83}},"line":19},"6":{"name":"(anonymous_6)","decl":{"start":{"line":23,"column":4},"end":{"line":23,"column":5}},"loc":{"start":{"line":23,"column":25},"end":{"line":26,"column":5}},"line":23}},"branchMap":{},"s":{"0":1,"1":2,"2":2,"3":2,"4":2,"5":2,"6":2,"7":2,"8":12,"9":2,"10":2,"11":2,"12":1,"13":1,"14":1,"15":1,"16":1,"17":1,"18":1},"f":{"0":2,"1":2,"2":2,"3":2,"4":2,"5":12,"6":2},"b":{},"_coverageSchema":"1a1c01bbd47fc00a2c39e90264f33305004495a9","hash":"2aa8bb3a2081782f781d5273250a16f79facbda6"}
,"C:\\Users\\Sam\\Desktop\\revisao\\tests\\services\\serviceTest.js": {"path":"C:\\Users\\Sam\\Desktop\\revisao\\tests\\services\\serviceTest.js","statementMap":{"0":{"start":{"line":6,"column":8},"end":{"line":6,"column":48}},"1":{"start":{"line":13,"column":8},"end":{"line":18,"column":9}},"2":{"start":{"line":14,"column":28},"end":{"line":14,"column":58}},"3":{"start":{"line":15,"column":12},"end":{"line":15,"column":44}},"4":{"start":{"line":17,"column":12},"end":{"line":17,"column":26}},"5":{"start":{"line":22,"column":8},"end":{"line":27,"column":9}},"6":{"start":{"line":23,"column":27},"end":{"line":23,"column":70}},"7":{"start":{"line":24,"column":12},"end":{"line":24,"column":97}},"8":{"start":{"line":26,"column":12},"end":{"line":26,"column":26}},"9":{"start":{"line":31,"column":8},"end":{"line":36,"column":9}},"10":{"start":{"line":32,"column":28},"end":{"line":32,"column":87}},"11":{"start":{"line":33,"column":12},"end":{"line":33,"column":70}},"12":{"start":{"line":35,"column":12},"end":{"line":35,"column":26}},"13":{"start":{"line":40,"column":8},"end":{"line":45,"column":9}},"14":{"start":{"line":41,"column":27},"end":{"line":41,"column":69}},"15":{"start":{"line":42,"column":12},"end":{"line":42,"column":25}},"16":{"start":{"line":44,"column":12},"end":{"line":44,"column":26}},"17":{"start":{"line":60,"column":0},"end":{"line":60,"column":34}}},"fnMap":{"0":{"name":"(anonymous_0)","decl":{"start":{"line":5,"column":4},"end":{"line":5,"column":5}},"loc":{"start":{"line":5,"column":34},"end":{"line":10,"column":5}},"line":5},"1":{"name":"(anonymous_1)","decl":{"start":{"line":12,"column":4},"end":{"line":12,"column":5}},"loc":{"start":{"line":12,"column":13},"end":{"line":19,"column":5}},"line":12},"2":{"name":"(anonymous_2)","decl":{"start":{"line":21,"column":4},"end":{"line":21,"column":5}},"loc":{"start":{"line":21,"column":26},"end":{"line":28,"column":5}},"line":21},"3":{"name":"(anonymous_3)","decl":{"start":{"line":30,"column":4},"end":{"line":30,"column":5}},"loc":{"start":{"line":30,"column":42},"end":{"line":37,"column":5}},"line":30},"4":{"name":"(anonymous_4)","decl":{"start":{"line":39,"column":4},"end":{"line":39,"column":5}},"loc":{"start":{"line":39,"column":25},"end":{"line":46,"column":5}},"line":39}},"branchMap":{},"s":{"0":1,"1":3,"2":3,"3":2,"4":1,"5":3,"6":3,"7":2,"8":1,"9":3,"10":3,"11":2,"12":1,"13":3,"14":3,"15":2,"16":1,"17":1},"f":{"0":1,"1":3,"2":3,"3":3,"4":3},"b":{},"_coverageSchema":"1a1c01bbd47fc00a2c39e90264f33305004495a9","hash":"a38bc3b2b7713159851cb5f35458f74fbf1e4b67"}
}
