TN:
SF:tests\basic\basicTest.js
FN:1,sum
FN:6,(anonymous_1)
FN:11,(anonymous_2)
FN:15,(anonymous_3)
FN:19,(anonymous_4)
FNF:5
FNH:5
FNDA:1,sum
FNDA:1,(anonymous_1)
FNDA:1,(anonymous_2)
FNDA:1,(anonymous_3)
FNDA:1,(anonymous_4)
DA:2,1
DA:7,1
DA:8,1
DA:12,1
DA:16,1
DA:20,1
DA:24,1
LF:7
LH:7
BRF:0
BRH:0
end_of_record
TN:
SF:tests\model\modelTest.js
FNF:0
FNH:0
DA:1,1
DA:12,1
LF:2
LH:2
BRF:0
BRH:0
end_of_record
TN:
SF:tests\repositories\repositoryTest.js
FN:4,(anonymous_0)
FN:8,(anonymous_1)
FN:13,(anonymous_2)
FN:14,(anonymous_3)
FN:18,(anonymous_4)
FN:19,(anonymous_5)
FN:23,(anonymous_6)
FNF:7
FNH:7
FNDA:2,(anonymous_0)
FNDA:2,(anonymous_1)
FNDA:2,(anonymous_2)
FNDA:2,(anonymous_3)
FNDA:2,(anonymous_4)
FNDA:12,(anonymous_5)
FNDA:2,(anonymous_6)
DA:1,1
DA:5,2
DA:9,2
DA:10,2
DA:14,2
DA:15,2
DA:19,12
DA:20,2
DA:24,2
DA:25,2
DA:30,1
DA:33,1
DA:37,1
DA:41,1
DA:45,1
DA:46,1
DA:50,1
LF:17
LH:17
BRF:0
BRH:0
end_of_record
TN:
SF:tests\services\serviceTest.js
FN:5,(anonymous_0)
FN:12,(anonymous_1)
FN:21,(anonymous_2)
FN:30,(anonymous_3)
FN:39,(anonymous_4)
FNF:5
FNH:5
FNDA:1,(anonymous_0)
FNDA:3,(anonymous_1)
FNDA:3,(anonymous_2)
FNDA:3,(anonymous_3)
FNDA:3,(anonymous_4)
DA:6,1
DA:13,3
DA:14,3
DA:15,2
DA:17,1
DA:22,3
DA:23,3
DA:24,2
DA:26,1
DA:31,3
DA:32,3
DA:33,2
DA:35,1
DA:40,3
DA:41,3
DA:42,2
DA:44,1
DA:60,1
LF:18
LH:18
BRF:0
BRH:0
end_of_record
